
SQL*Loader: Release 21.0.0.0.0 - Production on Tue Jun 10 00:06:46 2025
Version 21.3.0.0.0

Copyright (c) 1982, 2021, Oracle and/or its affiliates.  All rights reserved.

Control File:   dw_dim_customer_type.ctl
Data File:      dw_dim_customer_type.csv
  Bad File:     dw_dim_customer_type.bad
  Discard File:  none specified
 
 (Allow all discards)

Number to load: ALL
Number to skip: 0
Errors allowed: 50
Bind array:     250 rows, maximum of 1048576 bytes
Continuation:    none specified
Path used:      Conventional

Table DW_DIM_CUSTOMER_TYPE, loaded from every logical record.
Insert option in effect for this table: INSERT
TRAILING NULLCOLS option in effect

   Column Name                  Position   Len  Term Encl Datatype
------------------------------ ---------- ----- ---- ---- ---------------------
CUSTOMER_TYPE_ID                    FIRST     *   ;  O(") CHARACTER            
CUSTOMER_TYPE                        NEXT     *   ;  O(") CHARACTER            


Table DW_DIM_CUSTOMER_TYPE:
  4 Rows successfully loaded.
  0 Rows not loaded due to data errors.
  0 Rows not loaded because all WHEN clauses were failed.
  0 Rows not loaded because all fields were null.


Space allocated for bind array:                 129000 bytes(250 rows)
Read   buffer bytes: 1048576

Total logical records skipped:          0
Total logical records read:             4
Total logical records rejected:         0
Total logical records discarded:        0

Run began on Tue Jun 10 00:06:46 2025
Run ended on Tue Jun 10 00:06:46 2025

Elapsed time was:     00:00:00.14
CPU time was:         00:00:00.11
