
SQL*Loader: Release 21.0.0.0.0 - Production on Tue Jun 10 00:06:49 2025
Version 21.3.0.0.0

Copyright (c) 1982, 2021, Oracle and/or its affiliates.  All rights reserved.

Control File:   dw_dim_customer.ctl
Data File:      dw_dim_customer.csv
  Bad File:     dw_dim_customer.bad
  Discard File:  none specified
 
 (Allow all discards)

Number to load: ALL
Number to skip: 0
Errors allowed: 50
Bind array:     250 rows, maximum of 1048576 bytes
Continuation:    none specified
Path used:      Conventional

Table DW_DIM_CUSTOMER, loaded from every logical record.
Insert option in effect for this table: INSERT
TRAILING NULLCOLS option in effect

   Column Name                  Position   Len  Term Encl Datatype
------------------------------ ---------- ----- ---- ---- ---------------------
CUSTOMER_ID                         FIRST     *   ;  O(") CHARACTER            
CUSTOMER_TYPE_ID                     NEXT     *   ;  O(") CHARACTER            
REGISTRATION_DATE                    NEXT     *   ;  O(") DATE YYYY-MM-DD      
BIRTH_YEAR                           NEXT     *   ;  O(") CHARACTER            
GENDER                               NEXT     *   ;  O(") CHARACTER            


Table DW_DIM_CUSTOMER:
  1000 Rows successfully loaded.
  0 Rows not loaded due to data errors.
  0 Rows not loaded because all WHEN clauses were failed.
  0 Rows not loaded because all fields were null.


Space allocated for bind array:                 322500 bytes(250 rows)
Read   buffer bytes: 1048576

Total logical records skipped:          0
Total logical records read:          1000
Total logical records rejected:         0
Total logical records discarded:        0

Run began on Tue Jun 10 00:06:49 2025
Run ended on Tue Jun 10 00:06:50 2025

Elapsed time was:     00:00:00.13
CPU time was:         00:00:00.09
