
SQL*Loader: Release 21.0.0.0.0 - Production on Tue Jun 10 00:06:47 2025
Version 21.3.0.0.0

Copyright (c) 1982, 2021, Oracle and/or its affiliates.  All rights reserved.

Control File:   dw_dim_time.ctl
Data File:      dw_dim_time.csv
  Bad File:     dw_dim_time.bad
  Discard File:  none specified
 
 (Allow all discards)

Number to load: ALL
Number to skip: 0
Errors allowed: 50
Bind array:     250 rows, maximum of 1048576 bytes
Continuation:    none specified
Path used:      Conventional

Table DW_DIM_TIME, loaded from every logical record.
Insert option in effect for this table: INSERT
TRAILING NULLCOLS option in effect

   Column Name                  Position   Len  Term Encl Datatype
------------------------------ ---------- ----- ---- ---- ---------------------
TIME_ID                             FIRST     *   ;  O(") CHARACTER            
HOUR                                 NEXT     *   ;  O(") CHARACTER            
DAY_OF_WEEK                          NEXT     *   ;  O(") CHARACTER            
DAY_OF_MONTH                         NEXT     *   ;  O(") CHARACTER            
MONTH_NUMBER                         NEXT     *   ;  O(") CHARACTER            
MONTH_NAME                           NEXT     *   ;  O(") CHARACTER            
QUARTER                              NEXT     *   ;  O(") CHARACTER            
YEAR                                 NEXT     *   ;  O(") CHARACTER            
IS_WEEKEND                           NEXT     *   ;  O(") CHARACTER            
IS_HOLIDAY                           NEXT     *   ;  O(") CHARACTER            


Table DW_DIM_TIME:
  4300 Rows successfully loaded.
  0 Rows not loaded due to data errors.
  0 Rows not loaded because all WHEN clauses were failed.
  0 Rows not loaded because all fields were null.


Space allocated for bind array:                 645000 bytes(250 rows)
Read   buffer bytes: 1048576

Total logical records skipped:          0
Total logical records read:          4300
Total logical records rejected:         0
Total logical records discarded:        0

Run began on Tue Jun 10 00:06:47 2025
Run ended on Tue Jun 10 00:06:47 2025

Elapsed time was:     00:00:00.19
CPU time was:         00:00:00.11
